<?xml version="1.0" encoding="UTF-8"?>
<!-- Generated by org.testng.reporters.JUnitReportReporter -->
<testsuite hostname="LAPTOP-HEON906S" failures="0" tests="1" name="YoutubeTutorial.ChandanTutorial.TestClassMaven" time="0.003" errors="0" timestamp="2022-02-28T15:13:04 EST" skipped="0">
  <testcase classname="YoutubeTutorial.ChandanTutorial.TestClassMaven" name="TestMaven" time="0.003"/>
  <system-out/>
</testsuite> <!-- YoutubeTutorial.ChandanTutorial.TestClassMaven -->
